CRITICAL - 2023-10-03 12:54:21 --> Too few arguments to function App\Controllers\Main::index(), 0 passed in D:\laragon\www\cimanual\system\CodeIgniter.php on line 919 and exactly 2 expected
in APPPATH\Controllers\Main.php on line 7.
 1 SYSTEMPATH\CodeIgniter.php(919): App\Controllers\Main->index()
 2 SYSTEMPATH\CodeIgniter.php(494): CodeIgniter\CodeIgniter->runController(Object(App\Controllers\Main))
 3 SYSTEMPATH\CodeIgniter.php(353): CodeIgniter\CodeIgniter->handleRequest(null, Object(Config\Cache), false)
 4 FCPATH\index.php(79): CodeIgniter\CodeIgniter->run()
CRITICAL - 2023-10-03 12:55:39 --> Too few arguments to function App\Controllers\Main::index(), 0 passed in D:\laragon\www\cimanual\system\CodeIgniter.php on line 919 and exactly 2 expected
in APPPATH\Controllers\Main.php on line 7.
 1 SYSTEMPATH\CodeIgniter.php(919): App\Controllers\Main->index()
 2 SYSTEMPATH\CodeIgniter.php(494): CodeIgniter\CodeIgniter->runController(Object(App\Controllers\Main))
 3 SYSTEMPATH\CodeIgniter.php(353): CodeIgniter\CodeIgniter->handleRequest(null, Object(Config\Cache), false)
 4 FCPATH\index.php(79): CodeIgniter\CodeIgniter->run()
CRITICAL - 2023-10-03 12:55:41 --> Too few arguments to function App\Controllers\Main::index(), 0 passed in D:\laragon\www\cimanual\system\CodeIgniter.php on line 919 and exactly 2 expected
in APPPATH\Controllers\Main.php on line 7.
 1 SYSTEMPATH\CodeIgniter.php(919): App\Controllers\Main->index()
 2 SYSTEMPATH\CodeIgniter.php(494): CodeIgniter\CodeIgniter->runController(Object(App\Controllers\Main))
 3 SYSTEMPATH\CodeIgniter.php(353): CodeIgniter\CodeIgniter->handleRequest(null, Object(Config\Cache), false)
 4 FCPATH\index.php(79): CodeIgniter\CodeIgniter->run()
CRITICAL - 2023-10-03 12:55:59 --> Too few arguments to function App\Controllers\Main::index(), 0 passed in D:\laragon\www\cimanual\system\CodeIgniter.php on line 919 and exactly 2 expected
in APPPATH\Controllers\Main.php on line 7.
 1 SYSTEMPATH\CodeIgniter.php(919): App\Controllers\Main->index()
 2 SYSTEMPATH\CodeIgniter.php(494): CodeIgniter\CodeIgniter->runController(Object(App\Controllers\Main))
 3 SYSTEMPATH\CodeIgniter.php(353): CodeIgniter\CodeIgniter->handleRequest(null, Object(Config\Cache), false)
 4 FCPATH\index.php(79): CodeIgniter\CodeIgniter->run()
CRITICAL - 2023-10-03 12:58:47 --> Too few arguments to function App\Controllers\Main::index(), 0 passed in D:\laragon\www\cimanual\system\CodeIgniter.php on line 919 and exactly 2 expected
in APPPATH\Controllers\Main.php on line 7.
 1 SYSTEMPATH\CodeIgniter.php(919): App\Controllers\Main->index()
 2 SYSTEMPATH\CodeIgniter.php(494): CodeIgniter\CodeIgniter->runController(Object(App\Controllers\Main))
 3 SYSTEMPATH\CodeIgniter.php(353): CodeIgniter\CodeIgniter->handleRequest(null, Object(Config\Cache), false)
 4 FCPATH\index.php(79): CodeIgniter\CodeIgniter->run()
CRITICAL - 2023-10-03 13:02:01 --> Too few arguments to function App\Controllers\Main::index(), 0 passed in D:\laragon\www\cimanual\system\CodeIgniter.php on line 919 and exactly 2 expected
in APPPATH\Controllers\Main.php on line 7.
 1 SYSTEMPATH\CodeIgniter.php(919): App\Controllers\Main->index()
 2 SYSTEMPATH\CodeIgniter.php(494): CodeIgniter\CodeIgniter->runController(Object(App\Controllers\Main))
 3 SYSTEMPATH\CodeIgniter.php(353): CodeIgniter\CodeIgniter->handleRequest(null, Object(Config\Cache), false)
 4 FCPATH\index.php(79): CodeIgniter\CodeIgniter->run()
CRITICAL - 2023-10-03 13:02:02 --> Too few arguments to function App\Controllers\Main::index(), 0 passed in D:\laragon\www\cimanual\system\CodeIgniter.php on line 919 and exactly 2 expected
in APPPATH\Controllers\Main.php on line 7.
 1 SYSTEMPATH\CodeIgniter.php(919): App\Controllers\Main->index()
 2 SYSTEMPATH\CodeIgniter.php(494): CodeIgniter\CodeIgniter->runController(Object(App\Controllers\Main))
 3 SYSTEMPATH\CodeIgniter.php(353): CodeIgniter\CodeIgniter->handleRequest(null, Object(Config\Cache), false)
 4 FCPATH\index.php(79): CodeIgniter\CodeIgniter->run()
CRITICAL - 2023-10-03 13:06:09 --> Too few arguments to function App\Controllers\Main::index(), 0 passed in D:\laragon\www\cimanual\system\CodeIgniter.php on line 919 and exactly 2 expected
in APPPATH\Controllers\Main.php on line 7.
 1 SYSTEMPATH\CodeIgniter.php(919): App\Controllers\Main->index()
 2 SYSTEMPATH\CodeIgniter.php(494): CodeIgniter\CodeIgniter->runController(Object(App\Controllers\Main))
 3 SYSTEMPATH\CodeIgniter.php(353): CodeIgniter\CodeIgniter->handleRequest(null, Object(Config\Cache), false)
 4 FCPATH\index.php(79): CodeIgniter\CodeIgniter->run()
CRITICAL - 2023-10-03 13:06:19 --> Too few arguments to function App\Controllers\Main::index(), 0 passed in D:\laragon\www\cimanual\system\CodeIgniter.php on line 919 and exactly 2 expected
in APPPATH\Controllers\Main.php on line 7.
 1 SYSTEMPATH\CodeIgniter.php(919): App\Controllers\Main->index()
 2 SYSTEMPATH\CodeIgniter.php(494): CodeIgniter\CodeIgniter->runController(Object(App\Controllers\Main))
 3 SYSTEMPATH\CodeIgniter.php(353): CodeIgniter\CodeIgniter->handleRequest(null, Object(Config\Cache), false)
 4 FCPATH\index.php(79): CodeIgniter\CodeIgniter->run()
CRITICAL - 2023-10-03 13:06:32 --> Too few arguments to function App\Controllers\Main::index(), 0 passed in D:\laragon\www\cimanual\system\CodeIgniter.php on line 919 and exactly 2 expected
in APPPATH\Controllers\Main.php on line 7.
 1 SYSTEMPATH\CodeIgniter.php(919): App\Controllers\Main->index()
 2 SYSTEMPATH\CodeIgniter.php(494): CodeIgniter\CodeIgniter->runController(Object(App\Controllers\Main))
 3 SYSTEMPATH\CodeIgniter.php(353): CodeIgniter\CodeIgniter->handleRequest(null, Object(Config\Cache), false)
 4 FCPATH\index.php(79): CodeIgniter\CodeIgniter->run()
CRITICAL - 2023-10-03 13:24:41 --> Call to undefined function App\Controllers\now()
in APPPATH\Controllers\Main.php on line 9.
 1 SYSTEMPATH\CodeIgniter.php(919): App\Controllers\Main->index()
 2 SYSTEMPATH\CodeIgniter.php(494): CodeIgniter\CodeIgniter->runController(Object(App\Controllers\Main))
 3 SYSTEMPATH\CodeIgniter.php(353): CodeIgniter\CodeIgniter->handleRequest(null, Object(Config\Cache), false)
 4 FCPATH\index.php(79): CodeIgniter\CodeIgniter->run()
CRITICAL - 2023-10-03 13:24:41 --> Call to undefined function App\Controllers\now()
in APPPATH\Controllers\Main.php on line 9.
 1 SYSTEMPATH\CodeIgniter.php(919): App\Controllers\Main->index()
 2 SYSTEMPATH\CodeIgniter.php(494): CodeIgniter\CodeIgniter->runController(Object(App\Controllers\Main))
 3 SYSTEMPATH\CodeIgniter.php(353): CodeIgniter\CodeIgniter->handleRequest(null, Object(Config\Cache), false)
 4 FCPATH\index.php(79): CodeIgniter\CodeIgniter->run()
CRITICAL - 2023-10-03 13:32:36 --> syntax error, unexpected variable "$helpers", expecting "function" or "const"
in APPPATH\Controllers\Main.php on line 7.
 1 SYSTEMPATH\Autoloader\Autoloader.php(285): CodeIgniter\Autoloader\Autoloader->includeFile('D:\\laragon\\www\\cimanual\\app\\Controllers\\Main.php')
 2 SYSTEMPATH\Autoloader\Autoloader.php(263): CodeIgniter\Autoloader\Autoloader->loadInNamespace('App\\Controllers\\Main')
 3 [internal function]: CodeIgniter\Autoloader\Autoloader->loadClass('App\\Controllers\\Main')
 4 SYSTEMPATH\CodeIgniter.php(877): class_exists('\\App\\Controllers\\Main', true)
 5 SYSTEMPATH\CodeIgniter.php(481): CodeIgniter\CodeIgniter->startController()
 6 SYSTEMPATH\CodeIgniter.php(353): CodeIgniter\CodeIgniter->handleRequest(null, Object(Config\Cache), false)
 7 FCPATH\index.php(79): CodeIgniter\CodeIgniter->run()
